flashrom v0.9.7-r1711 on Linux 3.12.20 (x86_64)
flashrom is free software, get the source code at http://www.flashrom.org

flashrom was built with libpci 3.2.1, LLVM Clang 3.4 (tags/RELEASE_34/final), little endian
Command line (3 args): /home/edward/flashrom-0.9.7/flashrom -p internal:laptop=force_I_want_a_brick -V
Calibrating delay loop... OS timer resolution is 1 usecs, 811M loops per second, 10 myus = 10 us, 100 myus = 95 us, 1000 myus = 951 us, 10000 myus = 10114 us, 4 myus = 4 us, OK.
Initializing internal programmer
No coreboot table found.
DMI string system-manufacturer: "LENOVO"
DMI string system-product-name: "20255"
DMI string system-version: "Lenovo G505s"
DMI string baseboard-manufacturer: "LENOVO"
DMI string baseboard-product-name: "Lenovo G505s"
DMI string baseboard-version: "31900058Std"
DMI string chassis-type: "Notebook"
Laptop detected via DMI.
========================================================================
WARNING! You seem to be running flashrom on an unsupported laptop.
Laptops, notebooks and netbooks are difficult to support and we
recommend to use the vendor flashing utility. The embedded controller
(EC) in these machines often interacts badly with flashing.
See the manpage and http://www.flashrom.org/Laptops for details.

If flash is shared with the EC, erase is guaranteed to brick your laptop
and write may brick your laptop.
Read and probe may irritate your EC and cause fan failure, backlight
failure and sudden poweroff.
You have been warned.
========================================================================
Proceeding anyway because user forced us to.
Found chipset "AMD FCH" with PCI ID 1022:780e. Enabling flash write... SB600 write protected from 0xfff67000 to 0xfffe6fff
SB600 write unprotect failed from 0xfff67000 to 0xfffe6fff
SB600 write protected from 0xfffe7000 to 0xffffffff
SB600 write unprotect failed from 0xfffe7000 to 0xffffffff
SB600 write protected from 0xffc00000 to 0xffc2ffff
SB600 write unprotect failed from 0xffc00000 to 0xffc2ffff
SB600 write protected from 0x00000000 to 0x000003ff
SB600 write unprotect failed from 0x00000000 to 0x000003ff
SPI base address is at 0xfec10000
FCH device found but SMBus revision 0x16 does not match known values.
Please report this to flashrom@flashrom.org and include this log and
the output of lspci -nnvx, thanks!.
AltSpiCSEnable=0, SpiRomEnable=1, AbortEnable=0
PrefetchEnSPIFromIMC=0, PrefetchEnSPIFromHost=1, SpiOpEnInLpcMode=0
(0x6f0c2390) fastReadEnable=1, SpiArbEnable=1, SpiAccessMacRomEn=0, SpiHostAccessRomEn=0, ArbWaitCount=7, SpiBridgeDisable=1, DropOneClkOnRd=0
NormSpeed is 33 MHz
GPIO11 used for SPI_DO
GPIO12 used for SPI_DI
GPIO31 used for SPI_HOLD
GPIO32 used for SPI_CS
GPIO47 used for SPI_CLK
IMC is not active.
ROM strap override is not active
OK.
The following protocols are supported: LPC, FWH, SPI.
Probing for AMIC A25L05PT, 64 kB: probe_spi_rdid_generic: id1 0xef, id2 0x4016
Probing for AMIC A25L05PU, 64 kB: probe_spi_rdid_generic: id1 0xef, id2 0x4016
Probing for AMIC A25L10PT, 128 kB: probe_spi_rdid_generic: id1 0xef, id2 0x4016
Probing for AMIC A25L10PU, 128 kB: probe_spi_rdid_generic: id1 0xef, id2 0x4016
Probing for AMIC A25L20PT, 256 kB: probe_spi_rdid_generic: id1 0xef, id2 0x4016
Probing for AMIC A25L20PU, 256 kB: probe_spi_rdid_generic: id1 0xef, id2 0x4016
Probing for AMIC A25L40PT, 512 kB: probe_spi_rdid_generic: id1 0xef, id2 0x4016
Probing for AMIC A25L40PU, 512 kB: probe_spi_rdid_generic: id1 0xef, id2 0x4016
Probing for AMIC A25L80P, 1024 kB: probe_spi_rdid_generic: id1 0xef, id2 0x4016
Probing for AMIC A25L16PT, 2048 kB: probe_spi_rdid_generic: id1 0xef, id2 0x4016
Probing for AMIC A25L16PU, 2048 kB: probe_spi_rdid_generic: id1 0xef, id2 0x4016
Probing for AMIC A25L512, 64 kB: probe_spi_rdid_generic: id1 0xef, id2 0x4016
Probing for AMIC A25L010, 128 kB: probe_spi_rdid_generic: id1 0xef, id2 0x4016
Probing for AMIC A25L020, 256 kB: probe_spi_rdid_generic: id1 0xef, id2 0x4016
Probing for AMIC A25L040, 512 kB: probe_spi_rdid_generic: id1 0xef, id2 0x4016
Probing for AMIC A25L080, 1024 kB: probe_spi_rdid_generic: id1 0xef, id2 0x4016
Probing for AMIC A25L016, 2048 kB: probe_spi_rdid_generic: id1 0xef, id2 0x4016
Probing for AMIC A25L032, 4096 kB: probe_spi_rdid_generic: id1 0xef, id2 0x4016
Probing for AMIC A25LQ16, 2048 kB: probe_spi_rdid_generic: id1 0xef, id2 0x4016
Probing for AMIC A25LQ032/A25LQ32A, 4096 kB: probe_spi_rdid_generic: id1 0xef, id2 0x4016
Probing for AMIC A25LQ64, 8192 kB: probe_spi_rdid_generic: id1 0xef, id2 0x4016
Probing for Atmel AT25DF021, 256 kB: probe_spi_rdid_generic: id1 0xef, id2 0x4016
Probing for Atmel AT25DF041A, 512 kB: probe_spi_rdid_generic: id1 0xef, id2 0x4016
Probing for Atmel AT25DF081, 1024 kB: probe_spi_rdid_generic: id1 0xef, id2 0x4016
Probing for Atmel AT25DF081A, 1024 kB: probe_spi_rdid_generic: id1 0xef, id2 0x4016
Probing for Atmel AT25DF161, 2048 kB: probe_spi_rdid_generic: id1 0xef, id2 0x4016
Probing for Atmel AT25DF321, 4096 kB: probe_spi_rdid_generic: id1 0xef, id2 0x4016
Probing for Atmel AT25DF321A, 4096 kB: probe_spi_rdid_generic: id1 0xef, id2 0x4016
Probing for Atmel AT25DF641(A), 8192 kB: probe_spi_rdid_generic: id1 0xef, id2 0x4016
Probing for Atmel AT25DQ161, 2048 kB: probe_spi_rdid_generic: id1 0xef, id2 0x4016
Probing for Atmel AT25F512, 64 kB: probe_spi_at25f: id1 0x60, id2 0x60
Probing for Atmel AT25F512A, 64 kB: probe_spi_at25f: id1 0x60, id2 0x60
Probing for Atmel AT25F512B, 64 kB: probe_spi_rdid_generic: id1 0xef, id2 0x4016
Probing for Atmel AT25F1024(A), 128 kB: probe_spi_at25f: id1 0x60, id2 0x60
Probing for Atmel AT25F2048, 256 kB: probe_spi_at25f: id1 0x60, id2 0x60
Probing for Atmel AT25F4096, 512 kB: probe_spi_at25f: id1 0x60, id2 0x60
Probing for Atmel AT25FS010, 128 kB: probe_spi_rdid_generic: id1 0xef, id2 0x4016
Probing for Atmel AT25FS040, 512 kB: probe_spi_rdid_generic: id1 0xef, id2 0x4016
Probing for Atmel AT26DF041, 512 kB: probe_spi_rdid_generic: id1 0xef, id2 0x4016
Probing for Atmel AT26DF081A, 1024 kB: probe_spi_rdid_generic: id1 0xef, id2 0x4016
Probing for Atmel AT26DF161, 2048 kB: probe_spi_rdid_generic: id1 0xef, id2 0x4016
Probing for Atmel AT26DF161A, 2048 kB: probe_spi_rdid_generic: id1 0xef, id2 0x4016
Probing for Atmel AT26F004, 512 kB: probe_spi_rdid_generic: id1 0xef, id2 0x4016
Probing for Atmel AT45CS1282, 16896 kB: probe_spi_rdid_generic: id1 0xef, id2 0x4016
Probing for Atmel AT45DB011D, 128 kB: probe_spi_rdid_generic: id1 0xef, id2 0x4016
Probing for Atmel AT45DB021D, 256 kB: probe_spi_rdid_generic: id1 0xef, id2 0x4016
Probing for Atmel AT45DB041D, 512 kB: probe_spi_rdid_generic: id1 0xef, id2 0x4016
Probing for Atmel AT45DB081D, 1024 kB: probe_spi_rdid_generic: id1 0xef, id2 0x4016
Probing for Atmel AT45DB161D, 2048 kB: probe_spi_rdid_generic: id1 0xef, id2 0x4016
Probing for Atmel AT45DB321C, 4224 kB: probe_spi_rdid_generic: id1 0xef, id2 0x4016
Probing for Atmel AT45DB321D, 4096 kB: probe_spi_rdid_generic: id1 0xef, id2 0x4016
Probing for Atmel AT45DB642D, 8192 kB: probe_spi_rdid_generic: id1 0xef, id2 0x4016
Probing for ESMT F25L008A, 1024 kB: probe_spi_rdid_generic: id1 0xef, id2 0x4016
Probing for Eon EN25B05, 64 kB: probe_spi_rdid_generic: id1 0xef, id2 0x4016
Probing for Eon EN25B05T, 64 kB: probe_spi_rdid_generic: id1 0xef, id2 0x4016
Probing for Eon EN25B10, 128 kB: probe_spi_rdid_generic: id1 0xef, id2 0x4016
Probing for Eon EN25B10T, 128 kB: probe_spi_rdid_generic: id1 0xef, id2 0x4016
Probing for Eon EN25B20, 256 kB: probe_spi_rdid_generic: id1 0xef, id2 0x4016
Probing for Eon EN25B20T, 256 kB: probe_spi_rdid_generic: id1 0xef, id2 0x4016
Probing for Eon EN25B40, 512 kB: probe_spi_rdid_generic: id1 0xef, id2 0x4016
Probing for Eon EN25B40T, 512 kB: probe_spi_rdid_generic: id1 0xef, id2 0x4016
Probing for Eon EN25B80, 1024 kB: probe_spi_rdid_generic: id1 0xef, id2 0x4016
Probing for Eon EN25B80T, 1024 kB: probe_spi_rdid_generic: id1 0xef, id2 0x4016
Probing for Eon EN25B16, 2048 kB: probe_spi_rdid_generic: id1 0xef, id2 0x4016
Probing for Eon EN25B16T, 2048 kB: probe_spi_rdid_generic: id1 0xef, id2 0x4016
Probing for Eon EN25B32, 4096 kB: probe_spi_rdid_generic: id1 0xef, id2 0x4016
Probing for Eon EN25B32T, 4096 kB: probe_spi_rdid_generic: id1 0xef, id2 0x4016
Probing for Eon EN25B64, 8192 kB: probe_spi_rdid_generic: id1 0xef, id2 0x4016
Probing for Eon EN25B64T, 8192 kB: probe_spi_rdid_generic: id1 0xef, id2 0x4016
Probing for Eon EN25F05, 64 kB: probe_spi_rdid_generic: id1 0xef, id2 0x4016
Probing for Eon EN25F10, 128 kB: probe_spi_rdid_generic: id1 0xef, id2 0x4016
Probing for Eon EN25F20, 256 kB: probe_spi_rdid_generic: id1 0xef, id2 0x4016
Probing for Eon EN25F40, 512 kB: probe_spi_rdid_generic: id1 0xef, id2 0x4016
Probing for Eon EN25F80, 1024 kB: probe_spi_rdid_generic: id1 0xef, id2 0x4016
Probing for Eon EN25F16, 2048 kB: probe_spi_rdid_generic: id1 0xef, id2 0x4016
Probing for Eon EN25F32, 4096 kB: probe_spi_rdid_generic: id1 0xef, id2 0x4016
Probing for Eon EN25F64, 8192 kB: probe_spi_rdid_generic: id1 0xef, id2 0x4016
Probing for Eon EN25Q40, 512 kB: probe_spi_rdid_generic: id1 0xef, id2 0x4016
Probing for Eon EN25Q80(A), 1024 kB: probe_spi_rdid_generic: id1 0xef, id2 0x4016
Probing for Eon EN25Q16, 2048 kB: probe_spi_rdid_generic: id1 0xef, id2 0x4016
Probing for Eon EN25Q32(A/B), 4096 kB: probe_spi_rdid_generic: id1 0xef, id2 0x4016
Probing for Eon EN25Q64, 8192 kB: probe_spi_rdid_generic: id1 0xef, id2 0x4016
Probing for Eon EN25Q128, 16384 kB: probe_spi_rdid_generic: id1 0xef, id2 0x4016
Probing for Eon EN25QH16, 2048 kB: probe_spi_rdid_generic: id1 0xef, id2 0x4016
Probing for Eon EN25QH32, 4096 kB: probe_spi_rdid_generic: id1 0xef, id2 0x4016
Probing for Eon EN25QH64, 8192 kB: probe_spi_rdid_generic: id1 0xef, id2 0x4016
Probing for Eon EN25QH128, 16384 kB: probe_spi_rdid_generic: id1 0xef, id2 0x4016
Probing for Eon EN25S10, 128 kB: probe_spi_rdid_generic: id1 0xef, id2 0x4016
Probing for Eon EN25S20, 256 kB: probe_spi_rdid_generic: id1 0xef, id2 0x4016
Probing for Eon EN25S40, 512 kB: probe_spi_rdid_generic: id1 0xef, id2 0x4016
Probing for Eon EN25S80, 1024 kB: probe_spi_rdid_generic: id1 0xef, id2 0x4016
Probing for Eon EN25S16, 2048 kB: probe_spi_rdid_generic: id1 0xef, id2 0x4016
Probing for Eon EN25S32, 4096 kB: probe_spi_rdid_generic: id1 0xef, id2 0x4016
Probing for Eon EN25S64, 8192 kB: probe_spi_rdid_generic: id1 0xef, id2 0x4016
Probing for GigaDevice GD25LQ32, 4096 kB: probe_spi_rdid_generic: id1 0xef, id2 0x4016
Probing for GigaDevice GD25Q512, 64 kB: probe_spi_rdid_generic: id1 0xef, id2 0x4016
Probing for GigaDevice GD25Q10, 128 kB: probe_spi_rdid_generic: id1 0xef, id2 0x4016
Probing for GigaDevice GD25Q20(B), 256 kB: probe_spi_rdid_generic: id1 0xef, id2 0x4016
Probing for GigaDevice GD25Q40(B), 512 kB: probe_spi_rdid_generic: id1 0xef, id2 0x4016
Probing for GigaDevice GD25Q80(B), 1024 kB: probe_spi_rdid_generic: id1 0xef, id2 0x4016
Probing for GigaDevice GD25Q16(B), 2048 kB: probe_spi_rdid_generic: id1 0xef, id2 0x4016
Probing for GigaDevice GD25Q32(B), 4096 kB: probe_spi_rdid_generic: id1 0xef, id2 0x4016
Probing for GigaDevice GD25Q64(B), 8192 kB: probe_spi_rdid_generic: id1 0xef, id2 0x4016
Probing for GigaDevice GD25Q128B, 16384 kB: probe_spi_rdid_generic: id1 0xef, id2 0x4016
Probing for GigaDevice GD25T80, 1024 kB: probe_spi_rdid_generic: id1 0xef, id2 0x4016
Probing for Intel 25F160S33B8, 2048 kB: probe_spi_rdid_generic: id1 0xef, id2 0x4016
Probing for Intel 25F160S33T8, 2048 kB: probe_spi_rdid_generic: id1 0xef, id2 0x4016
Probing for Intel 25F320S33B8, 4096 kB: probe_spi_rdid_generic: id1 0xef, id2 0x4016
Probing for Intel 25F320S33T8, 4096 kB: probe_spi_rdid_generic: id1 0xef, id2 0x4016
Probing for Intel 25F640S33B8, 8192 kB: probe_spi_rdid_generic: id1 0xef, id2 0x4016
Probing for Intel 25F640S33T8, 8192 kB: probe_spi_rdid_generic: id1 0xef, id2 0x4016
Probing for Macronix MX25L512(E)/MX25V512(C), 64 kB: probe_spi_rdid_generic: id1 0xef, id2 0x4016
Probing for Macronix MX25L1005(C)/MX25L1006E, 128 kB: probe_spi_rdid_generic: id1 0xef, id2 0x4016
Probing for Macronix MX25L2005(C), 256 kB: probe_spi_rdid_generic: id1 0xef, id2 0x4016
Probing for Macronix MX25L4005(A/C), 512 kB: probe_spi_rdid_generic: id1 0xef, id2 0x4016
Probing for Macronix MX25L8005/MX25V8005, 1024 kB: probe_spi_rdid_generic: id1 0xef, id2 0x4016
Probing for Macronix MX25L1605, 2048 kB: probe_spi_rdid_generic: id1 0xef, id2 0x4016
Probing for Macronix MX25L1605A/MX25L1606E, 2048 kB: probe_spi_rdid_generic: id1 0xef, id2 0x4016
Probing for Macronix MX25L1605D/MX25L1608D, 2048 kB: probe_spi_rdid_generic: id1 0xef, id2 0x4016
Probing for Macronix MX25L1635D, 2048 kB: probe_spi_rdid_generic: id1 0xef, id2 0x4016
Probing for Macronix MX25L1635E, 2048 kB: probe_spi_rdid_generic: id1 0xef, id2 0x4016
Probing for Macronix MX25L3205(A), 4096 kB: probe_spi_rdid_generic: id1 0xef, id2 0x4016
Probing for Macronix MX25L3205D/MX25L3208D, 4096 kB: probe_spi_rdid_generic: id1 0xef, id2 0x4016
Probing for Macronix MX25L3206E, 4096 kB: probe_spi_rdid_generic: id1 0xef, id2 0x4016
Probing for Macronix MX25L3235D, 4096 kB: probe_spi_rdid_generic: id1 0xef, id2 0x4016
Probing for Macronix MX25L6405(D), 8192 kB: probe_spi_rdid_generic: id1 0xef, id2 0x4016
Probing for Macronix MX25L6406E/MX25L6436E, 8192 kB: probe_spi_rdid_generic: id1 0xef, id2 0x4016
Probing for Macronix MX25L6445E, 8192 kB: probe_spi_rdid_generic: id1 0xef, id2 0x4016
Probing for Macronix MX25L12805(D), 16384 kB: probe_spi_rdid_generic: id1 0xef, id2 0x4016
Probing for Macronix MX25U1635E, 2048 kB: probe_spi_rdid_generic: id1 0xef, id2 0x4016
Probing for Macronix MX25U3235E/F, 4096 kB: probe_spi_rdid_generic: id1 0xef, id2 0x4016
Probing for Macronix MX25U6435E/F, 8192 kB: probe_spi_rdid_generic: id1 0xef, id2 0x4016
Probing for Micron/Numonyx/ST M25P05-A, 64 kB: probe_spi_rdid_generic: id1 0xef, id2 0x4016
Probing for Micron/Numonyx/ST M25P05, 64 kB: Ignoring RES in favour of RDID.
Probing for Micron/Numonyx/ST M25P10-A, 128 kB: probe_spi_rdid_generic: id1 0xef, id2 0x4016
Probing for Micron/Numonyx/ST M25P10, 128 kB: Ignoring RES in favour of RDID.
Probing for Micron/Numonyx/ST M25P20, 256 kB: probe_spi_rdid_generic: id1 0xef, id2 0x4016
Probing for Micron/Numonyx/ST M25P20-old, 256 kB: Ignoring RES in favour of RDID.
Probing for Micron/Numonyx/ST M25P40, 512 kB: probe_spi_rdid_generic: id1 0xef, id2 0x4016
Probing for Micron/Numonyx/ST M25P40-old, 512 kB: Ignoring RES in favour of RDID.
Probing for Micron/Numonyx/ST M25P80, 1024 kB: probe_spi_rdid_generic: id1 0xef, id2 0x4016
Probing for Micron/Numonyx/ST M25P16, 2048 kB: probe_spi_rdid_generic: id1 0xef, id2 0x4016
Probing for Micron/Numonyx/ST M25P32, 4096 kB: probe_spi_rdid_generic: id1 0xef, id2 0x4016
Probing for Micron/Numonyx/ST M25P64, 8192 kB: probe_spi_rdid_generic: id1 0xef, id2 0x4016
Probing for Micron/Numonyx/ST M25P128, 16384 kB: probe_spi_rdid_generic: id1 0xef, id2 0x4016
Probing for Micron/Numonyx/ST M25PE10, 128 kB: probe_spi_rdid_generic: id1 0xef, id2 0x4016
Probing for Micron/Numonyx/ST M25PE20, 256 kB: probe_spi_rdid_generic: id1 0xef, id2 0x4016
Probing for Micron/Numonyx/ST M25PE40, 512 kB: probe_spi_rdid_generic: id1 0xef, id2 0x4016
Probing for Micron/Numonyx/ST M25PE80, 1024 kB: probe_spi_rdid_generic: id1 0xef, id2 0x4016
Probing for Micron/Numonyx/ST M25PE16, 2048 kB: probe_spi_rdid_generic: id1 0xef, id2 0x4016
Probing for Micron/Numonyx/ST M25PX80, 1024 kB: probe_spi_rdid_generic: id1 0xef, id2 0x4016
Probing for Micron/Numonyx/ST M25PX16, 2048 kB: probe_spi_rdid_generic: id1 0xef, id2 0x4016
Probing for Micron/Numonyx/ST M25PX32, 4096 kB: probe_spi_rdid_generic: id1 0xef, id2 0x4016
Probing for Micron/Numonyx/ST M25PX64, 8192 kB: probe_spi_rdid_generic: id1 0xef, id2 0x4016
Probing for Micron/Numonyx/ST M45PE10, 128 kB: probe_spi_rdid_generic: id1 0xef, id2 0x4016
Probing for Micron/Numonyx/ST M45PE20, 256 kB: probe_spi_rdid_generic: id1 0xef, id2 0x4016
Probing for Micron/Numonyx/ST M45PE40, 512 kB: probe_spi_rdid_generic: id1 0xef, id2 0x4016
Probing for Micron/Numonyx/ST M45PE80, 1024 kB: probe_spi_rdid_generic: id1 0xef, id2 0x4016
Probing for Micron/Numonyx/ST M45PE16, 2048 kB: probe_spi_rdid_generic: id1 0xef, id2 0x4016
Probing for Micron/Numonyx/ST N25Q016, 2048 kB: probe_spi_rdid_generic: id1 0xef, id2 0x4016
Probing for Micron/Numonyx/ST N25Q032..1E, 4096 kB: probe_spi_rdid_generic: id1 0xef, id2 0x4016
Probing for Micron/Numonyx/ST N25Q032..3E, 4096 kB: probe_spi_rdid_generic: id1 0xef, id2 0x4016
Probing for Micron/Numonyx/ST N25Q064..1E, 8192 kB: probe_spi_rdid_generic: id1 0xef, id2 0x4016
Probing for Micron/Numonyx/ST N25Q064..3E, 8192 kB: probe_spi_rdid_generic: id1 0xef, id2 0x4016
Probing for Micron/Numonyx/ST N25Q128..1E, 16384 kB: probe_spi_rdid_generic: id1 0xef, id2 0x4016
Probing for Micron/Numonyx/ST N25Q128..3E, 16384 kB: probe_spi_rdid_generic: id1 0xef, id2 0x4016
Probing for Nantronics N25S10, 128 kB: probe_spi_rdid_generic: id1 0xef, id2 0x4016
Probing for Nantronics N25S20, 256 kB: probe_spi_rdid_generic: id1 0xef, id2 0x4016
Probing for Nantronics N25S40, 512 kB: probe_spi_rdid_generic: id1 0xef, id2 0x4016
Probing for Nantronics N25S80, 1024 kB: probe_spi_rdid_generic: id1 0xef, id2 0x4016
Probing for Nantronics N25S16, 2048 kB: probe_spi_rdid_generic: id1 0xef, id2 0x4016
Probing for PMC Pm25LD256C, 32 kB: probe_spi_rdid_generic: id1 0xef, id2 0x4016
Probing for PMC Pm25LD512(C), 64 kB: probe_spi_rdid_generic: id1 0xef, id2 0x4016
Probing for PMC Pm25LD010(C), 128 kB: probe_spi_rdid_generic: id1 0xef, id2 0x4016
Probing for PMC Pm25LD020(C), 256 kB: probe_spi_rdid_generic: id1 0xef, id2 0x4016
Probing for PMC Pm25LD040(C), 512 kB: probe_spi_rdid_generic: id1 0xef, id2 0x4016
Probing for PMC Pm25LV512(A), 64 kB: probe_spi_res3: id1 0x1515, id2 0x15
Probing for PMC Pm25LV010, 128 kB: probe_spi_res3: id1 0x1515, id2 0x15
Probing for PMC Pm25LV010A, 128 kB: probe_spi_rdid_generic: id1 0xef, id2 0x4016
Probing for PMC Pm25LV020, 256 kB: probe_spi_rdid_generic: id1 0xef, id2 0x4016
Probing for PMC Pm25LV040, 512 kB: probe_spi_rdid_generic: id1 0xef, id2 0x4016
Probing for PMC Pm25LV080B, 1024 kB: probe_spi_rdid_generic: id1 0xef, id2 0x4016
Probing for PMC Pm25LV016B, 2048 kB: probe_spi_rdid_generic: id1 0xef, id2 0x4016
Probing for Sanyo LE25FW203A, 256 kB: probe_spi_rdid_generic: id1 0xef, id2 0x4016
Probing for Sanyo LE25FW403A, 512 kB: probe_spi_rdid_generic: id1 0xef, id2 0x4016
Probing for Sanyo LE25FW418A, 512 kB: probe_spi_res2: id1 0x15, id2 0x15
Probing for Sanyo LE25FW806, 1024 kB: probe_spi_res2: id1 0x15, id2 0x15
Probing for Sanyo LE25FW808, 1024 kB: probe_spi_res2: id1 0x15, id2 0x15
Probing for Spansion S25FL004A, 512 kB: probe_spi_rdid_generic: id1 0xef, id2 0x4016
Probing for Spansion S25FL008A, 1024 kB: probe_spi_rdid_generic: id1 0xef, id2 0x4016
Probing for Spansion S25FL016A, 2048 kB: probe_spi_rdid_generic: id1 0xef, id2 0x4016
Probing for Spansion S25FL032A/P, 4096 kB: probe_spi_rdid_generic: id1 0xef, id2 0x4016
Probing for Spansion S25FL064A/P, 8192 kB: probe_spi_rdid_generic: id1 0xef, id2 0x4016
Probing for Spansion S25FL204K, 512 kB: probe_spi_rdid_generic: id1 0xef, id2 0x4016
Probing for Spansion S25FL208K, 1024 kB: probe_spi_rdid_generic: id1 0xef, id2 0x4016
Probing for Spansion S25FL116K/S25FL216K, 2048 kB: probe_spi_rdid_generic: id1 0xef, id2 0x4016
Probing for Spansion S25FL128S......0, 16384 kB: probe_spi_rdid_generic: id1 0xef, id2 0x4016
Probing for SST SST25LF040A, 512 kB: probe_spi_res2: id1 0x15, id2 0x15
Probing for SST SST25LF080(A), 1024 kB: probe_spi_res2: id1 0x15, id2 0x15
Probing for SST SST25VF010, 128 kB: probe_spi_rems: id1 0xef, id2 0x15
Probing for SST SST25VF016B, 2048 kB: probe_spi_rdid_generic: id1 0xef, id2 0x4016
Probing for SST SST25VF032B, 4096 kB: probe_spi_rdid_generic: id1 0xef, id2 0x4016
Probing for SST SST25VF064C, 8192 kB: probe_spi_rdid_generic: id1 0xef, id2 0x4016
Probing for SST SST25VF040, 512 kB: probe_spi_rems: id1 0xef, id2 0x15
Probing for SST SST25VF040B, 512 kB: probe_spi_rdid_generic: id1 0xef, id2 0x4016
Probing for SST SST25VF040B.REMS, 512 kB: probe_spi_rems: id1 0xef, id2 0x15
Probing for SST SST25VF080B, 1024 kB: probe_spi_rdid_generic: id1 0xef, id2 0x4016
Probing for SST SST25WF512, 64 kB: probe_spi_rdid_generic: id1 0xef, id2 0x4016
Probing for SST SST25WF010, 128 kB: probe_spi_rdid_generic: id1 0xef, id2 0x4016
Probing for SST SST25WF020, 256 kB: probe_spi_rdid_generic: id1 0xef, id2 0x4016
Probing for SST SST25WF040, 512 kB: probe_spi_rdid_generic: id1 0xef, id2 0x4016
Probing for Winbond W25Q80.V, 1024 kB: probe_spi_rdid_generic: id1 0xef, id2 0x4016
Probing for Winbond W25Q16.V, 2048 kB: probe_spi_rdid_generic: id1 0xef, id2 0x4016
Probing for Winbond W25Q32.V, 4096 kB: probe_spi_rdid_generic: id1 0xef, id2 0x4016
Found Winbond flash chip "W25Q32.V" (4096 kB, SPI) at physical address 0xffc00000.
Chip status register is 0x00.
Probing for Winbond W25Q64.V, 8192 kB: probe_spi_rdid_generic: id1 0xef, id2 0x4016
Probing for Winbond W25Q128.V, 16384 kB: probe_spi_rdid_generic: id1 0xef, id2 0x4016
Probing for Winbond W25Q20.W, 256 kB: probe_spi_rdid_generic: id1 0xef, id2 0x4016
Probing for Winbond W25Q40.W, 512 kB: probe_spi_rdid_generic: id1 0xef, id2 0x4016
Probing for Winbond W25Q80.W, 1024 kB: probe_spi_rdid_generic: id1 0xef, id2 0x4016
Probing for Winbond W25Q16.W, 2048 kB: probe_spi_rdid_generic: id1 0xef, id2 0x4016
Probing for Winbond W25Q32.W, 4096 kB: probe_spi_rdid_generic: id1 0xef, id2 0x4016
Probing for Winbond W25Q64.W, 8192 kB: probe_spi_rdid_generic: id1 0xef, id2 0x4016
Probing for Winbond W25X10, 128 kB: probe_spi_rdid_generic: id1 0xef, id2 0x4016
Probing for Winbond W25X20, 256 kB: probe_spi_rdid_generic: id1 0xef, id2 0x4016
Probing for Winbond W25X40, 512 kB: probe_spi_rdid_generic: id1 0xef, id2 0x4016
Probing for Winbond W25X80, 1024 kB: probe_spi_rdid_generic: id1 0xef, id2 0x4016
Probing for Winbond W25X16, 2048 kB: probe_spi_rdid_generic: id1 0xef, id2 0x4016
Probing for Winbond W25X32, 4096 kB: probe_spi_rdid_generic: id1 0xef, id2 0x4016
Probing for Winbond W25X64, 8192 kB: probe_spi_rdid_generic: id1 0xef, id2 0x4016
Probing for Unknown SFDP-capable chip, 0 kB: Parsing JEDEC flash parameter table... done.
Probing for AMIC unknown AMIC SPI chip, 0 kB: probe_spi_rdid_generic: id1 0xef, id2 0x4016
Probing for Atmel unknown Atmel SPI chip, 0 kB: probe_spi_rdid_generic: id1 0xef, id2 0x4016
Probing for Eon unknown Eon SPI chip, 0 kB: probe_spi_rdid_generic: id1 0xef, id2 0x4016
Probing for Macronix unknown Macronix SPI chip, 0 kB: probe_spi_rdid_generic: id1 0xef, id2 0x4016
Probing for PMC unknown PMC SPI chip, 0 kB: probe_spi_rdid_generic: id1 0xef, id2 0x4016
Probing for SST unknown SST SPI chip, 0 kB: probe_spi_rdid_generic: id1 0xef, id2 0x4016
Probing for ST unknown ST SPI chip, 0 kB: probe_spi_rdid_generic: id1 0xef, id2 0x4016
Probing for Sanyo unknown Sanyo SPI chip, 0 kB: probe_spi_rdid_generic: id1 0xef, id2 0x4016
Probing for Winbond unknown Winbond (ex Nexcom) SPI chip, 0 kB: probe_spi_rdid_generic: id1 0xef, id2 0x4016
Probing for Generic unknown SPI chip (RDID), 0 kB: probe_spi_rdid_generic: id1 0xef, id2 0x4016
Probing for Generic unknown SPI chip (REMS), 0 kB: probe_spi_rems: id1 0xef, id2 0x15
Probing for AMIC A49LF040A, 512 kB: probe_jedec_common: id1 0xe8, id2 0xc4, id1 parity violation, id1 is normal flash content, id2 is normal flash content
Probing for Atmel AT49LH002, 256 kB: probe_82802ab: id1 0x7c, id2 0x00, id1 is normal flash content, id2 is normal flash content
Probing for Intel 82802AB, 512 kB: probe_82802ab: id1 0xe8, id2 0xc4, id1 parity violation, id1 is normal flash content, id2 is normal flash content
Probing for Intel 82802AC, 1024 kB: probe_82802ab: id1 0xff, id2 0xff, id1 parity violation, id1 is normal flash content, id2 is normal flash content
Probing for PMC Pm49FL002, 256 kB: probe_jedec_common: id1 0x7c, id2 0x00, id1 is normal flash content, id2 is normal flash content
Probing for PMC Pm49FL004, 512 kB: probe_jedec_common: id1 0xe8, id2 0xc4, id1 parity violation, id1 is normal flash content, id2 is normal flash content
Probing for Sharp LHF00L04, 1024 kB: probe_82802ab: id1 0xff, id2 0xff, id1 parity violation, id1 is normal flash content, id2 is normal flash content
Probing for SST SST49LF002A/B, 256 kB: probe_jedec_common: id1 0x7c, id2 0x00, id1 is normal flash content, id2 is normal flash content
Probing for SST SST49LF003A/B, 384 kB: probe_jedec_common: id1 0x85, id2 0x5f, id1 is normal flash content, id2 is normal flash content
Probing for SST SST49LF004A/B, 512 kB: probe_jedec_common: id1 0xe8, id2 0xc4, id1 parity violation, id1 is normal flash content, id2 is normal flash content
Probing for SST SST49LF004C, 512 kB: probe_82802ab: id1 0xe8, id2 0xc4, id1 parity violation, id1 is normal flash content, id2 is normal flash content
Probing for SST SST49LF008A, 1024 kB: probe_jedec_common: id1 0xff, id2 0xff, id1 parity violation, id1 is normal flash content, id2 is normal flash content
Probing for SST SST49LF008C, 1024 kB: probe_82802ab: id1 0xff, id2 0xff, id1 parity violation, id1 is normal flash content, id2 is normal flash content
Probing for SST SST49LF016C, 2048 kB: probe_82802ab: id1 0xff, id2 0xff, id1 parity violation, id1 is normal flash content, id2 is normal flash content
Probing for SST SST49LF020, 256 kB: probe_jedec_common: id1 0x7c, id2 0x00, id1 is normal flash content, id2 is normal flash content
Probing for SST SST49LF020A, 256 kB: probe_jedec_common: id1 0x7c, id2 0x00, id1 is normal flash content, id2 is normal flash content
Probing for SST SST49LF040, 512 kB: probe_jedec_common: id1 0xe8, id2 0xc4, id1 parity violation, id1 is normal flash content, id2 is normal flash content
Probing for SST SST49LF040B, 512 kB: probe_jedec_common: id1 0xe8, id2 0xc4, id1 parity violation, id1 is normal flash content, id2 is normal flash content
Probing for SST SST49LF080A, 1024 kB: Chip lacks correct probe timing information, using default 10mS/40uS. probe_jedec_common: id1 0xff, id2 0xff, id1 parity violation, id1 is normal flash content, id2 is normal flash content
Probing for SST SST49LF160C, 2048 kB: probe_82802ab: id1 0xff, id2 0xff, id1 parity violation, id1 is normal flash content, id2 is normal flash content
Probing for ST M50FLW040A, 512 kB: probe_82802ab: id1 0xe8, id2 0xc4, id1 parity violation, id1 is normal flash content, id2 is normal flash content
Probing for ST M50FLW040B, 512 kB: probe_82802ab: id1 0xe8, id2 0xc4, id1 parity violation, id1 is normal flash content, id2 is normal flash content
Probing for ST M50FLW080A, 1024 kB: probe_82802ab: id1 0xff, id2 0xff, id1 parity violation, id1 is normal flash content, id2 is normal flash content
Probing for ST M50FLW080B, 1024 kB: probe_82802ab: id1 0xff, id2 0xff, id1 parity violation, id1 is normal flash content, id2 is normal flash content
Probing for ST M50FW002, 256 kB: probe_82802ab: id1 0x7c, id2 0x00, id1 is normal flash content, id2 is normal flash content
Probing for ST M50FW016, 2048 kB: probe_82802ab: id1 0xff, id2 0xff, id1 parity violation, id1 is normal flash content, id2 is normal flash content
Probing for ST M50FW040, 512 kB: probe_82802ab: id1 0xe8, id2 0xc4, id1 parity violation, id1 is normal flash content, id2 is normal flash content
Probing for ST M50FW080, 1024 kB: probe_82802ab: id1 0xff, id2 0xff, id1 parity violation, id1 is normal flash content, id2 is normal flash content
Probing for ST M50LPW116, 2048 kB: probe_82802ab: id1 0xff, id2 0xff, id1 parity violation, id1 is normal flash content, id2 is normal flash content
Probing for Winbond W39V040A, 512 kB: probe_jedec_common: id1 0xe8, id2 0xc4, id1 parity violation, id1 is normal flash content, id2 is normal flash content
Probing for Winbond W39V040B, 512 kB: probe_jedec_common: id1 0xe8, id2 0xc4, id1 parity violation, id1 is normal flash content, id2 is normal flash content
Probing for Winbond W39V040C, 512 kB: probe_jedec_common: id1 0xe8, id2 0xc4, id1 parity violation, id1 is normal flash content, id2 is normal flash content
Probing for Winbond W39V040FA, 512 kB: probe_jedec_common: id1 0xe8, id2 0xc4, id1 parity violation, id1 is normal flash content, id2 is normal flash content
Probing for Winbond W39V040FB, 512 kB: probe_jedec_common: id1 0xe8, id2 0xc4, id1 parity violation, id1 is normal flash content, id2 is normal flash content
Probing for Winbond W39V040FC, 512 kB: probe_jedec_common: id1 0xe8, id2 0xc4, id1 parity violation, id1 is normal flash content, id2 is normal flash content
Probing for Winbond W39V080A, 1024 kB: probe_jedec_common: id1 0xff, id2 0xff, id1 parity violation, id1 is normal flash content, id2 is normal flash content
Probing for Winbond W49V002A, 256 kB: probe_jedec_common: id1 0x7c, id2 0x00, id1 is normal flash content, id2 is normal flash content
Probing for Winbond W49V002FA, 256 kB: probe_jedec_common: id1 0x7c, id2 0x00, id1 is normal flash content, id2 is normal flash content
Probing for Winbond W39V080FA, 1024 kB: probe_jedec_common: id1 0xff, id2 0xff, id1 parity violation, id1 is normal flash content, id2 is normal flash content
Probing for Winbond W39V080FA (dual mode), 512 kB: probe_jedec_common: id1 0xe8, id2 0xc4, id1 parity violation, id1 is normal flash content, id2 is normal flash content
Found Winbond flash chip "W25Q32.V" (4096 kB, SPI).
This chip may contain one-time programmable memory. flashrom cannot read
and may never be able to write it, hence it may not be able to completely
clone the contents of this chip (see man page for details).
No operations were specified.
Restoring PCI config space for 00:14:3 reg 0x5c
Restoring PCI config space for 00:14:3 reg 0x58
Restoring PCI config space for 00:14:3 reg 0x54
Restoring PCI config space for 00:14:3 reg 0x50
